<?xml version="1.0" encoding="UTF-8" standalone="no"?>
<!DOCTYPE log SYSTEM "logger.dtd">
<log>
<record>
  <date>2021-10-13T03:31:14</date>
  <millis>1634088674112</millis>
  <sequence>0</sequence>
  <logger>global</logger>
  <level>SEVERE</level>
  <class>Logger.LoggerInstance</class>
  <method>logException</method>
  <thread>1</thread>
  <message>Repeated job Id</message>
  <exception>
    <message>Exception.RepeateIdException: Repeated job Id</message>
    <frame>
      <class>Parser.Parser</class>
      <method>validateJobId</method>
      <line>73</line>
    </frame>
    <frame>
      <class>UnitTesting.CronSchedulerDemoTest</class>
      <method>lambda$doubleJobIds$1</method>
      <line>51</line>
    </frame>
    <frame>
      <class>org.junit.jupiter.api.AssertThrows</class>
      <method>assertThrows</method>
      <line>55</line>
    </frame>
    <frame>
      <class>org.junit.jupiter.api.AssertThrows</class>
      <method>assertThrows</method>
      <line>37</line>
    </frame>
    <frame>
      <class>org.junit.jupiter.api.Assertions</class>
      <method>assertThrows</method>
      <line>3007</line>
    </frame>
    <frame>
      <class>UnitTesting.CronSchedulerDemoTest</class>
      <method>doubleJobIds</method>
      <line>51</line>
    </frame>
    <frame>
      <class>sun.reflect.NativeMethodAccessorImpl</class>
      <method>invoke0</method>
    </frame>
    <frame>
      <class>sun.reflect.NativeMethodAccessorImpl</class>
      <method>invoke</method>
      <line>62</line>
    </frame>
    <frame>
      <class>sun.reflect.DelegatingMethodAccessorImpl</class>
      <method>invoke</method>
      <line>43</line>
    </frame>
    <frame>
      <class>java.lang.reflect.Method</class>
      <method>invoke</method>
      <line>498</line>
    </frame>
    <frame>
      <class>org.junit.platform.commons.util.ReflectionUtils</class>
      <method>invokeMethod</method>
      <line>688</line>
    </frame>
    <frame>
      <class>org.junit.jupiter.engine.execution.MethodInvocation</class>
      <method>proceed</method>
      <line>60</line>
    </frame>
    <frame>
      <class>org.junit.jupiter.engine.execution.InvocationInterceptorChain$ValidatingInvocation</class>
      <method>proceed</method>
      <line>131</line>
    </frame>
    <frame>
      <class>org.junit.jupiter.engine.extension.TimeoutExtension</class>
      <method>intercept</method>
      <line>149</line>
    </frame>
    <frame>
      <class>org.junit.jupiter.engine.extension.TimeoutExtension</class>
      <method>interceptTestableMethod</method>
      <line>140</line>
    </frame>
    <frame>
      <class>org.junit.jupiter.engine.extension.TimeoutExtension</class>
      <method>interceptTestMethod</method>
      <line>84</line>
    </frame>
    <frame>
      <class>org.junit.jupiter.engine.execution.ExecutableInvoker$ReflectiveInterceptorCall</class>
      <method>lambda$ofVoidMethod$0</method>
      <line>115</line>
    </frame>
    <frame>
      <class>org.junit.jupiter.engine.execution.ExecutableInvoker</class>
      <method>lambda$invoke$0</method>
      <line>105</line>
    </frame>
    <frame>
      <class>org.junit.jupiter.engine.execution.InvocationInterceptorChain$InterceptedInvocation</class>
      <method>proceed</method>
      <line>106</line>
    </frame>
    <frame>
      <class>org.junit.jupiter.engine.execution.InvocationInterceptorChain</class>
      <method>proceed</method>
      <line>64</line>
    </frame>
    <frame>
      <class>org.junit.jupiter.engine.execution.InvocationInterceptorChain</class>
      <method>chainAndInvoke</method>
      <line>45</line>
    </frame>
    <frame>
      <class>org.junit.jupiter.engine.execution.InvocationInterceptorChain</class>
      <method>invoke</method>
      <line>37</line>
    </frame>
    <frame>
      <class>org.junit.jupiter.engine.execution.ExecutableInvoker</class>
      <method>invoke</method>
      <line>104</line>
    </frame>
    <frame>
      <class>org.junit.jupiter.engine.execution.ExecutableInvoker</class>
      <method>invoke</method>
      <line>98</line>
    </frame>
    <frame>
      <class>org.junit.jupiter.engine.descriptor.TestMethodTestDescriptor</class>
      <method>lambda$invokeTestMethod$6</method>
      <line>210</line>
    </frame>
    <frame>
      <class>org.junit.platform.engine.support.hierarchical.ThrowableCollector</class>
      <method>execute</method>
      <line>73</line>
    </frame>
    <frame>
      <class>org.junit.jupiter.engine.descriptor.TestMethodTestDescriptor</class>
      <method>invokeTestMethod</method>
      <line>206</line>
    </frame>
    <frame>
      <class>org.junit.jupiter.engine.descriptor.TestMethodTestDescriptor</class>
      <method>execute</method>
      <line>131</line>
    </frame>
    <frame>
      <class>org.junit.jupiter.engine.descriptor.TestMethodTestDescriptor</class>
      <method>execute</method>
      <line>65</line>
    </frame>
    <frame>
      <class>org.junit.platform.engine.support.hierarchical.NodeTestTask</class>
      <method>lambda$executeRecursively$5</method>
      <line>139</line>
    </frame>
    <frame>
      <class>org.junit.platform.engine.support.hierarchical.ThrowableCollector</class>
      <method>execute</method>
      <line>73</line>
    </frame>
    <frame>
      <class>org.junit.platform.engine.support.hierarchical.NodeTestTask</class>
      <method>lambda$executeRecursively$7</method>
      <line>129</line>
    </frame>
    <frame>
      <class>org.junit.platform.engine.support.hierarchical.Node</class>
      <method>around</method>
      <line>137</line>
    </frame>
    <frame>
      <class>org.junit.platform.engine.support.hierarchical.NodeTestTask</class>
      <method>lambda$executeRecursively$8</method>
      <line>127</line>
    </frame>
    <frame>
      <class>org.junit.platform.engine.support.hierarchical.ThrowableCollector</class>
      <method>execute</method>
      <line>73</line>
    </frame>
    <frame>
      <class>org.junit.platform.engine.support.hierarchical.NodeTestTask</class>
      <method>executeRecursively</method>
      <line>126</line>
    </frame>
    <frame>
      <class>org.junit.platform.engine.support.hierarchical.NodeTestTask</class>
      <method>execute</method>
      <line>84</line>
    </frame>
    <frame>
      <class>java.util.ArrayList</class>
      <method>forEach</method>
      <line>1259</line>
    </frame>
    <frame>
      <class>org.junit.platform.engine.support.hierarchical.SameThreadHierarchicalTestExecutorService</class>
      <method>invokeAll</method>
      <line>38</line>
    </frame>
    <frame>
      <class>org.junit.platform.engine.support.hierarchical.NodeTestTask</class>
      <method>lambda$executeRecursively$5</method>
      <line>143</line>
    </frame>
    <frame>
      <class>org.junit.platform.engine.support.hierarchical.ThrowableCollector</class>
      <method>execute</method>
      <line>73</line>
    </frame>
    <frame>
      <class>org.junit.platform.engine.support.hierarchical.NodeTestTask</class>
      <method>lambda$executeRecursively$7</method>
      <line>129</line>
    </frame>
    <frame>
      <class>org.junit.platform.engine.support.hierarchical.Node</class>
      <method>around</method>
      <line>137</line>
    </frame>
    <frame>
      <class>org.junit.platform.engine.support.hierarchical.NodeTestTask</class>
      <method>lambda$executeRecursively$8</method>
      <line>127</line>
    </frame>
    <frame>
      <class>org.junit.platform.engine.support.hierarchical.ThrowableCollector</class>
      <method>execute</method>
      <line>73</line>
    </frame>
    <frame>
      <class>org.junit.platform.engine.support.hierarchical.NodeTestTask</class>
      <method>executeRecursively</method>
      <line>126</line>
    </frame>
    <frame>
      <class>org.junit.platform.engine.support.hierarchical.NodeTestTask</class>
      <method>execute</method>
      <line>84</line>
    </frame>
    <frame>
      <class>java.util.ArrayList</class>
      <method>forEach</method>
      <line>1259</line>
    </frame>
    <frame>
      <class>org.junit.platform.engine.support.hierarchical.SameThreadHierarchicalTestExecutorService</class>
      <method>invokeAll</method>
      <line>38</line>
    </frame>
    <frame>
      <class>org.junit.platform.engine.support.hierarchical.NodeTestTask</class>
      <method>lambda$executeRecursively$5</method>
      <line>143</line>
    </frame>
    <frame>
      <class>org.junit.platform.engine.support.hierarchical.ThrowableCollector</class>
      <method>execute</method>
      <line>73</line>
    </frame>
    <frame>
      <class>org.junit.platform.engine.support.hierarchical.NodeTestTask</class>
      <method>lambda$executeRecursively$7</method>
      <line>129</line>
    </frame>
    <frame>
      <class>org.junit.platform.engine.support.hierarchical.Node</class>
      <method>around</method>
      <line>137</line>
    </frame>
    <frame>
      <class>org.junit.platform.engine.support.hierarchical.NodeTestTask</class>
      <method>lambda$executeRecursively$8</method>
      <line>127</line>
    </frame>
    <frame>
      <class>org.junit.platform.engine.support.hierarchical.ThrowableCollector</class>
      <method>execute</method>
      <line>73</line>
    </frame>
    <frame>
      <class>org.junit.platform.engine.support.hierarchical.NodeTestTask</class>
      <method>executeRecursively</method>
      <line>126</line>
    </frame>
    <frame>
      <class>org.junit.platform.engine.support.hierarchical.NodeTestTask</class>
      <method>execute</method>
      <line>84</line>
    </frame>
    <frame>
      <class>org.junit.platform.engine.support.hierarchical.SameThreadHierarchicalTestExecutorService</class>
      <method>submit</method>
      <line>32</line>
    </frame>
    <frame>
      <class>org.junit.platform.engine.support.hierarchical.HierarchicalTestExecutor</class>
      <method>execute</method>
      <line>57</line>
    </frame>
    <frame>
      <class>org.junit.platform.engine.support.hierarchical.HierarchicalTestEngine</class>
      <method>execute</method>
      <line>51</line>
    </frame>
    <frame>
      <class>org.junit.platform.launcher.core.EngineExecutionOrchestrator</class>
      <method>execute</method>
      <line>108</line>
    </frame>
    <frame>
      <class>org.junit.platform.launcher.core.EngineExecutionOrchestrator</class>
      <method>execute</method>
      <line>88</line>
    </frame>
    <frame>
      <class>org.junit.platform.launcher.core.EngineExecutionOrchestrator</class>
      <method>lambda$execute$0</method>
      <line>54</line>
    </frame>
    <frame>
      <class>org.junit.platform.launcher.core.EngineExecutionOrchestrator</class>
      <method>withInterceptedStreams</method>
      <line>67</line>
    </frame>
    <frame>
      <class>org.junit.platform.launcher.core.EngineExecutionOrchestrator</class>
      <method>execute</method>
      <line>52</line>
    </frame>
    <frame>
      <class>org.junit.platform.launcher.core.DefaultLauncher</class>
      <method>execute</method>
      <line>96</line>
    </frame>
    <frame>
      <class>org.junit.platform.launcher.core.DefaultLauncher</class>
      <method>execute</method>
      <line>75</line>
    </frame>
    <frame>
      <class>com.intellij.junit5.JUnit5IdeaTestRunner</class>
      <method>startRunnerWithArgs</method>
      <line>71</line>
    </frame>
    <frame>
      <class>com.intellij.rt.junit.IdeaTestRunner$Repeater</class>
      <method>startRunnerWithArgs</method>
      <line>33</line>
    </frame>
    <frame>
      <class>com.intellij.rt.junit.JUnitStarter</class>
      <method>prepareStreamsAndStart</method>
      <line>221</line>
    </frame>
    <frame>
      <class>com.intellij.rt.junit.JUnitStarter</class>
      <method>main</method>
      <line>54</line>
    </frame>
  </exception>
</record>
</log>
