<?xml version="1.0" encoding="UTF-8" standalone="no"?>
<!DOCTYPE log SYSTEM "logger.dtd">
<log>
<record>
  <date>2021-10-12T19:20:04</date>
  <millis>1634059204291</millis>
  <sequence>0</sequence>
  <logger>global</logger>
  <level>INFO</level>
  <class>Logger.LoggerInstance</class>
  <method>logMessage</method>
  <thread>12</thread>
  <message>Job 1  First run Executing at  12/10/2021 19:20:04:204  Executing function of job  1</message>
</record>
<record>
  <date>2021-10-12T19:20:07</date>
  <millis>1634059207286</millis>
  <sequence>1</sequence>
  <logger>global</logger>
  <level>INFO</level>
  <class>Logger.LoggerInstance</class>
  <method>logMessage</method>
  <thread>12</thread>
  <message>Job 1  Executing at  12/10/2021 19:20:07:207  Executing function of job  1</message>
</record>
<record>
  <date>2021-10-12T19:20:10</date>
  <millis>1634059210287</millis>
  <sequence>2</sequence>
  <logger>global</logger>
  <level>INFO</level>
  <class>Logger.LoggerInstance</class>
  <method>logMessage</method>
  <thread>12</thread>
  <message>Job 1  Executing at  12/10/2021 19:20:10:2010  Executing function of job  1</message>
</record>
<record>
  <date>2021-10-12T19:20:13</date>
  <millis>1634059213287</millis>
  <sequence>3</sequence>
  <logger>global</logger>
  <level>INFO</level>
  <class>Logger.LoggerInstance</class>
  <method>logMessage</method>
  <thread>12</thread>
  <message>Job 1  Executing at  12/10/2021 19:20:13:2013  Executing function of job  1</message>
</record>
<record>
  <date>2021-10-12T19:20:15</date>
  <millis>1634059215382</millis>
  <sequence>4</sequence>
  <logger>global</logger>
  <level>INFO</level>
  <class>Logger.LoggerInstance</class>
  <method>logMessage</method>
  <thread>12</thread>
  <message>Job 2  First run Executing at  12/10/2021 19:20:15:2015  Executing function of job  2</message>
</record>
<record>
  <date>2021-10-12T19:20:16</date>
  <millis>1634059216288</millis>
  <sequence>5</sequence>
  <logger>global</logger>
  <level>INFO</level>
  <class>Logger.LoggerInstance</class>
  <method>logMessage</method>
  <thread>12</thread>
  <message>Job 1  Executing at  12/10/2021 19:20:16:2016  Executing function of job  1</message>
</record>
<record>
  <date>2021-10-12T19:20:18</date>
  <millis>1634059218382</millis>
  <sequence>6</sequence>
  <logger>global</logger>
  <level>INFO</level>
  <class>Logger.LoggerInstance</class>
  <method>logMessage</method>
  <thread>12</thread>
  <message>Job 2  Executing at  12/10/2021 19:20:18:2018  Executing function of job  2</message>
</record>
<record>
  <date>2021-10-12T19:20:19</date>
  <millis>1634059219289</millis>
  <sequence>7</sequence>
  <logger>global</logger>
  <level>INFO</level>
  <class>Logger.LoggerInstance</class>
  <method>logMessage</method>
  <thread>12</thread>
  <message>Job 1  Executing at  12/10/2021 19:20:19:2019  Executing function of job  1</message>
</record>
<record>
  <date>2021-10-12T19:20:21</date>
  <millis>1634059221383</millis>
  <sequence>8</sequence>
  <logger>global</logger>
  <level>INFO</level>
  <class>Logger.LoggerInstance</class>
  <method>logMessage</method>
  <thread>12</thread>
  <message>Job 2  Executing at  12/10/2021 19:20:21:2021  Executing function of job  2</message>
</record>
<record>
  <date>2021-10-12T19:20:22</date>
  <millis>1634059222290</millis>
  <sequence>9</sequence>
  <logger>global</logger>
  <level>INFO</level>
  <class>Logger.LoggerInstance</class>
  <method>logMessage</method>
  <thread>12</thread>
  <message>Job 1  Executing at  12/10/2021 19:20:22:2022  Executing function of job  1</message>
</record>
<record>
  <date>2021-10-12T19:20:24</date>
  <millis>1634059224383</millis>
  <sequence>10</sequence>
  <logger>global</logger>
  <level>INFO</level>
  <class>Logger.LoggerInstance</class>
  <method>logMessage</method>
  <thread>12</thread>
  <message>Job 2  Executing at  12/10/2021 19:20:24:2024  Executing function of job  2</message>
</record>
<record>
  <date>2021-10-12T19:20:25</date>
  <millis>1634059225291</millis>
  <sequence>11</sequence>
  <logger>global</logger>
  <level>INFO</level>
  <class>Logger.LoggerInstance</class>
  <method>logMessage</method>
  <thread>12</thread>
  <message>Job 1  Executing at  12/10/2021 19:20:25:2025  Executing function of job  1</message>
</record>
<record>
  <date>2021-10-12T19:20:27</date>
  <millis>1634059227383</millis>
  <sequence>12</sequence>
  <logger>global</logger>
  <level>INFO</level>
  <class>Logger.LoggerInstance</class>
  <method>logMessage</method>
  <thread>12</thread>
  <message>Job 2  Executing at  12/10/2021 19:20:27:2027  Executing function of job  2</message>
</record>
<record>
  <date>2021-10-12T19:20:28</date>
  <millis>1634059228292</millis>
  <sequence>13</sequence>
  <logger>global</logger>
  <level>INFO</level>
  <class>Logger.LoggerInstance</class>
  <method>logMessage</method>
  <thread>12</thread>
  <message>Job 1  Executing at  12/10/2021 19:20:28:2028  Executing function of job  1</message>
</record>
<record>
  <date>2021-10-12T19:20:29</date>
  <millis>1634059229134</millis>
  <sequence>14</sequence>
  <logger>global</logger>
  <level>INFO</level>
  <class>Logger.LoggerInstance</class>
  <method>logMessage</method>
  <thread>12</thread>
  <message>Job 4  First run Executing at  12/10/2021 19:20:29:2029  Executing function of job  4</message>
</record>
<record>
  <date>2021-10-12T19:20:30</date>
  <millis>1634059230383</millis>
  <sequence>15</sequence>
  <logger>global</logger>
  <level>INFO</level>
  <class>Logger.LoggerInstance</class>
  <method>logMessage</method>
  <thread>12</thread>
  <message>Job 2  Executing at  12/10/2021 19:20:30:2030  Executing function of job  2</message>
</record>
<record>
  <date>2021-10-12T19:20:31</date>
  <millis>1634059231293</millis>
  <sequence>16</sequence>
  <logger>global</logger>
  <level>INFO</level>
  <class>Logger.LoggerInstance</class>
  <method>logMessage</method>
  <thread>12</thread>
  <message>Job 1  Executing at  12/10/2021 19:20:31:2031  Executing function of job  1</message>
</record>
<record>
  <date>2021-10-12T19:20:33</date>
  <millis>1634059233383</millis>
  <sequence>17</sequence>
  <logger>global</logger>
  <level>INFO</level>
  <class>Logger.LoggerInstance</class>
  <method>logMessage</method>
  <thread>12</thread>
  <message>Job 2  Executing at  12/10/2021 19:20:33:2033  Executing function of job  2</message>
</record>
<record>
  <date>2021-10-12T19:20:34</date>
  <millis>1634059234294</millis>
  <sequence>18</sequence>
  <logger>global</logger>
  <level>INFO</level>
  <class>Logger.LoggerInstance</class>
  <method>logMessage</method>
  <thread>12</thread>
  <message>Job 1  Executing at  12/10/2021 19:20:34:2034  Executing function of job  1</message>
</record>
<record>
  <date>2021-10-12T19:20:36</date>
  <millis>1634059236384</millis>
  <sequence>19</sequence>
  <logger>global</logger>
  <level>INFO</level>
  <class>Logger.LoggerInstance</class>
  <method>logMessage</method>
  <thread>12</thread>
  <message>Job 2  Executing at  12/10/2021 19:20:36:2036  Executing function of job  2</message>
</record>
<record>
  <date>2021-10-12T19:20:37</date>
  <millis>1634059237135</millis>
  <sequence>20</sequence>
  <logger>global</logger>
  <level>INFO</level>
  <class>Logger.LoggerInstance</class>
  <method>logMessage</method>
  <thread>12</thread>
  <message>Job 4  Executing at  12/10/2021 19:20:37:2037  Executing function of job  4</message>
</record>
<record>
  <date>2021-10-12T19:20:37</date>
  <millis>1634059237294</millis>
  <sequence>21</sequence>
  <logger>global</logger>
  <level>INFO</level>
  <class>Logger.LoggerInstance</class>
  <method>logMessage</method>
  <thread>12</thread>
  <message>Job 1  Executing at  12/10/2021 19:20:37:2037  Executing function of job  1</message>
</record>
<record>
  <date>2021-10-12T19:20:39</date>
  <millis>1634059239385</millis>
  <sequence>22</sequence>
  <logger>global</logger>
  <level>INFO</level>
  <class>Logger.LoggerInstance</class>
  <method>logMessage</method>
  <thread>12</thread>
  <message>Job 2  Executing at  12/10/2021 19:20:39:2039  Executing function of job  2</message>
</record>
<record>
  <date>2021-10-12T19:20:40</date>
  <millis>1634059240295</millis>
  <sequence>23</sequence>
  <logger>global</logger>
  <level>INFO</level>
  <class>Logger.LoggerInstance</class>
  <method>logMessage</method>
  <thread>12</thread>
  <message>Job 1  Executing at  12/10/2021 19:20:40:2040  Executing function of job  1</message>
</record>
<record>
  <date>2021-10-12T19:20:42</date>
  <millis>1634059242386</millis>
  <sequence>24</sequence>
  <logger>global</logger>
  <level>INFO</level>
  <class>Logger.LoggerInstance</class>
  <method>logMessage</method>
  <thread>12</thread>
  <message>Job 2  Executing at  12/10/2021 19:20:42:2042  Executing function of job  2</message>
</record>
<record>
  <date>2021-10-12T19:20:43</date>
  <millis>1634059243295</millis>
  <sequence>25</sequence>
  <logger>global</logger>
  <level>INFO</level>
  <class>Logger.LoggerInstance</class>
  <method>logMessage</method>
  <thread>12</thread>
  <message>Job 1  Executing at  12/10/2021 19:20:43:2043  Executing function of job  1</message>
</record>
<record>
  <date>2021-10-12T19:20:45</date>
  <millis>1634059245136</millis>
  <sequence>26</sequence>
  <logger>global</logger>
  <level>INFO</level>
  <class>Logger.LoggerInstance</class>
  <method>logMessage</method>
  <thread>12</thread>
  <message>Job 4  Executing at  12/10/2021 19:20:45:2045  Executing function of job  4</message>
</record>
<record>
  <date>2021-10-12T19:20:45</date>
  <millis>1634059245386</millis>
  <sequence>27</sequence>
  <logger>global</logger>
  <level>INFO</level>
  <class>Logger.LoggerInstance</class>
  <method>logMessage</method>
  <thread>12</thread>
  <message>Job 2  Executing at  12/10/2021 19:20:45:2045  Executing function of job  2</message>
</record>
<record>
  <date>2021-10-12T19:20:46</date>
  <millis>1634059246296</millis>
  <sequence>28</sequence>
  <logger>global</logger>
  <level>INFO</level>
  <class>Logger.LoggerInstance</class>
  <method>logMessage</method>
  <thread>12</thread>
  <message>Job 1  Executing at  12/10/2021 19:20:46:2046  Executing function of job  1</message>
</record>
<record>
  <date>2021-10-12T19:20:48</date>
  <millis>1634059248386</millis>
  <sequence>29</sequence>
  <logger>global</logger>
  <level>INFO</level>
  <class>Logger.LoggerInstance</class>
  <method>logMessage</method>
  <thread>12</thread>
  <message>Job 2  Executing at  12/10/2021 19:20:48:2048  Executing function of job  2</message>
</record>
<record>
  <date>2021-10-12T19:20:49</date>
  <millis>1634059249297</millis>
  <sequence>30</sequence>
  <logger>global</logger>
  <level>INFO</level>
  <class>Logger.LoggerInstance</class>
  <method>logMessage</method>
  <thread>12</thread>
  <message>Job 1  Executing at  12/10/2021 19:20:49:2049  Executing function of job  1</message>
</record>
<record>
  <date>2021-10-12T19:20:51</date>
  <millis>1634059251387</millis>
  <sequence>31</sequence>
  <logger>global</logger>
  <level>INFO</level>
  <class>Logger.LoggerInstance</class>
  <method>logMessage</method>
  <thread>12</thread>
  <message>Job 2  Executing at  12/10/2021 19:20:51:2051  Executing function of job  2</message>
</record>
<record>
  <date>2021-10-12T19:20:52</date>
  <millis>1634059252297</millis>
  <sequence>32</sequence>
  <logger>global</logger>
  <level>INFO</level>
  <class>Logger.LoggerInstance</class>
  <method>logMessage</method>
  <thread>12</thread>
  <message>Job 1  Executing at  12/10/2021 19:20:52:2052  Executing function of job  1</message>
</record>
<record>
  <date>2021-10-12T19:20:53</date>
  <millis>1634059253137</millis>
  <sequence>33</sequence>
  <logger>global</logger>
  <level>INFO</level>
  <class>Logger.LoggerInstance</class>
  <method>logMessage</method>
  <thread>12</thread>
  <message>Job 4  Executing at  12/10/2021 19:20:53:2053  Executing function of job  4</message>
</record>
<record>
  <date>2021-10-12T19:20:54</date>
  <millis>1634059254387</millis>
  <sequence>34</sequence>
  <logger>global</logger>
  <level>INFO</level>
  <class>Logger.LoggerInstance</class>
  <method>logMessage</method>
  <thread>12</thread>
  <message>Job 2  Executing at  12/10/2021 19:20:54:2054  Executing function of job  2</message>
</record>
<record>
  <date>2021-10-12T19:20:55</date>
  <millis>1634059255298</millis>
  <sequence>35</sequence>
  <logger>global</logger>
  <level>INFO</level>
  <class>Logger.LoggerInstance</class>
  <method>logMessage</method>
  <thread>12</thread>
  <message>Job 1  Executing at  12/10/2021 19:20:55:2055  Executing function of job  1</message>
</record>
<record>
  <date>2021-10-12T19:20:57</date>
  <millis>1634059257387</millis>
  <sequence>36</sequence>
  <logger>global</logger>
  <level>INFO</level>
  <class>Logger.LoggerInstance</class>
  <method>logMessage</method>
  <thread>12</thread>
  <message>Job 2  Executing at  12/10/2021 19:20:57:2057  Executing function of job  2</message>
</record>
